


ARM Macro Assembler    Page 1 


    1 00000000         ;*******************************************************
                       *******************
    2 00000000         ;* File Name    : startup_at32f403acgu7.s
    3 00000000         ;* Description  : at32f4xx startup file for keil
    4 00000000         ;* Date         : 2019-09-26
    5 00000000         ;* Version      : V1.0.4
    6 00000000         ;*******************************************************
                       *******************
    7 00000000         ;
    8 00000000         
    9 00000000         ; Amount of memory (in bytes) allocated for Stack
   10 00000000         ; Tailor this value to your application needs
   11 00000000         ; <h> Stack Configuration
   12 00000000         ;   <o> Stack Size (in Bytes) <0x0-0xFFFFFFFF:8>
   13 00000000         ; </h>
   14 00000000         
   15 00000000 00000600 
                       Stack_Size
                               EQU              0x00000600
   16 00000000         
   17 00000000                 AREA             STACK, NOINIT, READWRITE, ALIGN
=3
   18 00000000         Stack_Mem
                               SPACE            Stack_Size
   19 00000600         __initial_sp
   20 00000600         
   21 00000600         ; <h> Heap Configuration
   22 00000600         ;   <o>  Heap Size (in Bytes) <0x0-0xFFFFFFFF:8>
   23 00000600         ; </h>
   24 00000600         
   25 00000600 00000600 
                       Heap_Size
                               EQU              0x00000600
   26 00000600         
   27 00000600                 AREA             HEAP, NOINIT, READWRITE, ALIGN=
3
   28 00000000         __heap_base
   29 00000000         Heap_Mem
                               SPACE            Heap_Size
   30 00000600         __heap_limit
   31 00000600         
   32 00000600                 PRESERVE8
   33 00000600                 THUMB
   34 00000600         
   35 00000600         
   36 00000600         ; Vector Table Mapped to Address 0 at Reset
   37 00000600                 AREA             RESET, DATA, READONLY
   38 00000000                 EXPORT           __Vectors
   39 00000000                 EXPORT           __Vectors_End
   40 00000000                 EXPORT           __Vectors_Size
   41 00000000         
   42 00000000 00000000 
                       __Vectors
                               DCD              __initial_sp ; Top of Stack
   43 00000004 00000000        DCD              Reset_Handler ; Reset Handler
   44 00000008 00000000        DCD              NMI_Handler ; NMI Handler
   45 0000000C 00000000        DCD              HardFault_Handler ; Hard Fault 
                                                            Handler
   46 00000010 00000000        DCD              MemManage_Handler 



ARM Macro Assembler    Page 2 


                                                            ; MPU Fault Handler
                                                            
   47 00000014 00000000        DCD              BusFault_Handler 
                                                            ; Bus Fault Handler
                                                            
   48 00000018 00000000        DCD              UsageFault_Handler ; Usage Faul
                                                            t Handler
   49 0000001C 00000000        DCD              0           ; Reserved
   50 00000020 00000000        DCD              0           ; Reserved
   51 00000024 00000000        DCD              0           ; Reserved
   52 00000028 00000000        DCD              0           ; Reserved
   53 0000002C 00000000        DCD              SVC_Handler ; SVCall Handler
   54 00000030 00000000        DCD              DebugMon_Handler ; Debug Monito
                                                            r Handler
   55 00000034 00000000        DCD              0           ; Reserved
   56 00000038 00000000        DCD              PendSV_Handler ; PendSV Handler
                                                            
   57 0000003C 00000000        DCD              SysTick_Handler 
                                                            ; SysTick Handler
   58 00000040         
   59 00000040         ; External Interrupts
   60 00000040 00000000        DCD              WWDG_IRQHandler 
                                                            ; Window Watchdog
   61 00000044 00000000        DCD              PVD_IRQHandler ; PVD through EX
                                                            TI Line detect
   62 00000048 00000000        DCD              TAMPER_IRQHandler ; Tamper
   63 0000004C 00000000        DCD              RTC_IRQHandler ; RTC
   64 00000050 00000000        DCD              FLASH_IRQHandler ; Flash
   65 00000054 00000000        DCD              RCC_IRQHandler ; RCC
   66 00000058 00000000        DCD              EXTI0_IRQHandler ; EXTI Line 0
   67 0000005C 00000000        DCD              EXTI1_IRQHandler ; EXTI Line 1
   68 00000060 00000000        DCD              EXTI2_IRQHandler ; EXTI Line 2
   69 00000064 00000000        DCD              EXTI3_IRQHandler ; EXTI Line 3
   70 00000068 00000000        DCD              EXTI4_IRQHandler ; EXTI Line 4
   71 0000006C 00000000        DCD              DMA1_Channel1_IRQHandler 
                                                            ; DMA1 Channel 1
   72 00000070 00000000        DCD              DMA1_Channel2_IRQHandler 
                                                            ; DMA1 Channel 2
   73 00000074 00000000        DCD              DMA1_Channel3_IRQHandler 
                                                            ; DMA1 Channel 3
   74 00000078 00000000        DCD              DMA1_Channel4_IRQHandler 
                                                            ; DMA1 Channel 4
   75 0000007C 00000000        DCD              DMA1_Channel5_IRQHandler 
                                                            ; DMA1 Channel 5
   76 00000080 00000000        DCD              DMA1_Channel6_IRQHandler 
                                                            ; DMA1 Channel 6
   77 00000084 00000000        DCD              DMA1_Channel7_IRQHandler 
                                                            ; DMA1 Channel 7
   78 00000088 00000000        DCD              ADC1_2_IRQHandler ; ADC1 & ADC2
                                                            
   79 0000008C 00000000        DCD              USB_HP_CAN1_TX_IRQHandler ; USB
                                                             High Priority or C
                                                            AN1 TX
   80 00000090 00000000        DCD              USB_LP_CAN1_RX0_IRQHandler ; US
                                                            B Low  Priority or 
                                                            CAN1 RX0 
   81 00000094 00000000        DCD              CAN1_RX1_IRQHandler ; CAN1 RX1 
                                                            
   82 00000098 00000000        DCD              CAN1_SCE_IRQHandler ; CAN1 SCE



ARM Macro Assembler    Page 3 


   83 0000009C 00000000        DCD              EXTI9_5_IRQHandler 
                                                            ; EXTI Line [9:5]
   84 000000A0 00000000        DCD              TMR1_BRK_TMR9_IRQHandler ; TMR1
                                                             Break and TMR9
   85 000000A4 00000000        DCD              TMR1_OV_TMR10_IRQHandler ; TMR1
                                                             Update and TMR10
   86 000000A8 00000000        DCD              TMR1_TRG_COM_TMR11_IRQHandler ;
                                                             TMR1 Trigger and C
                                                            ommutation and TMR1
                                                            1
   87 000000AC 00000000        DCD              TMR1_CC_IRQHandler ; TMR1 Captu
                                                            re Compare
   88 000000B0 00000000        DCD              TMR2_GLOBAL_IRQHandler ; TMR2
   89 000000B4 00000000        DCD              TMR3_GLOBAL_IRQHandler ; TMR3
   90 000000B8 00000000        DCD              TMR4_GLOBAL_IRQHandler ; TMR4
   91 000000BC 00000000        DCD              I2C1_EV_IRQHandler ; I2C1 Event
                                                            
   92 000000C0 00000000        DCD              I2C1_ER_IRQHandler ; I2C1 Error
                                                            
   93 000000C4 00000000        DCD              I2C2_EV_IRQHandler ; I2C2 Event
                                                            
   94 000000C8 00000000        DCD              I2C2_ER_IRQHandler ; I2C2 Error
                                                            
   95 000000CC 00000000        DCD              SPI1_IRQHandler ; SPI1
   96 000000D0 00000000        DCD              SPI2_I2S2EXT_IRQHandler 
                                                            ; SPI2 & I2S2EXT
   97 000000D4 00000000        DCD              USART1_IRQHandler ; USART1
   98 000000D8 00000000        DCD              USART2_IRQHandler ; USART2
   99 000000DC 00000000        DCD              USART3_IRQHandler ; USART3
  100 000000E0 00000000        DCD              EXTI15_10_IRQHandler 
                                                            ; EXTI Line [15:10]
                                                            
  101 000000E4 00000000        DCD              RTCAlarm_IRQHandler ; RTC Alarm
                                                             through EXTI Line
  102 000000E8 00000000        DCD              USBWakeUp_IRQHandler ; USB Wake
                                                            up from suspend
  103 000000EC 00000000        DCD              TMR8_BRK_TMR12_IRQHandler ; TMR
                                                            8 Break and TMR12
  104 000000F0 00000000        DCD              TMR8_OV_TMR13_IRQHandler ; TMR8
                                                             Update and TMR13
  105 000000F4 00000000        DCD              TMR8_TRG_COM_TMR14_IRQHandler ;
                                                             TMR8 Trigger and C
                                                            ommutation and TMR1
                                                            4
  106 000000F8 00000000        DCD              TMR8_CC_IRQHandler ; TMR8 Captu
                                                            re Compare
  107 000000FC 00000000        DCD              ADC3_IRQHandler ; ADC3
  108 00000100 00000000        DCD              0           ; Reserved
  109 00000104 00000000        DCD              0           ; Reserved
  110 00000108 00000000        DCD              TMR5_GLOBAL_IRQHandler ; TMR5
  111 0000010C 00000000        DCD              SPI3_I2S3EXT_IRQHandler 
                                                            ; SPI3 & I2S3EXT
  112 00000110 00000000        DCD              UART4_IRQHandler ; UART4
  113 00000114 00000000        DCD              UART5_IRQHandler ; UART5
  114 00000118 00000000        DCD              TMR6_GLOBAL_IRQHandler ; TMR6
  115 0000011C 00000000        DCD              TMR7_GLOBAL_IRQHandler ; TMR7
  116 00000120 00000000        DCD              DMA2_Channel1_IRQHandler 
                                                            ; DMA2 Channel1
  117 00000124 00000000        DCD              DMA2_Channel2_IRQHandler 



ARM Macro Assembler    Page 4 


                                                            ; DMA2 Channel2
  118 00000128 00000000        DCD              DMA2_Channel3_IRQHandler 
                                                            ; DMA2 Channel3
  119 0000012C 00000000        DCD              DMA2_Channel4_5_IRQHandler ; DM
                                                            A2 Channel4 & Chann
                                                            el5
  120 00000130 00000000        DCD              SDIO2_IRQHandler ; SDIO2
  121 00000134 00000000        DCD              I2C3_EV_IRQHandler ; I2C3 Event
                                                            
  122 00000138 00000000        DCD              I2C3_ER_IRQHandler ; I2C3 Error
                                                            
  123 0000013C 00000000        DCD              SPI4_IRQHandler ; SPI4
  124 00000140 00000000        DCD              0           ; Reserved
  125 00000144 00000000        DCD              0           ; Reserved
  126 00000148 00000000        DCD              0           ; Reserved
  127 0000014C 00000000        DCD              0           ; Reserved
  128 00000150 00000000        DCD              CAN2_TX_IRQHandler ; CAN2 TX
  129 00000154 00000000        DCD              CAN2_RX0_IRQHandler ; CAN2 RX0 
                                                            
  130 00000158 00000000        DCD              CAN2_RX1_IRQHandler ; CAN2 RX1 
                                                            
  131 0000015C 00000000        DCD              CAN2_SCE_IRQHandler ; CAN2 SCE
  132 00000160 00000000        DCD              ACC_IRQHandler ; ACC
  133 00000164 00000000        DCD              USB_HP_IRQHandler ; USB HP
  134 00000168 00000000        DCD              USB_LP_IRQHandler ; USB LP
  135 0000016C 00000000        DCD              DMA2_Channel6_7_IRQHandler ; DM
                                                            A2 Channel6 & Chann
                                                            el7
  136 00000170 00000000        DCD              USART6_IRQHandler ; USART6
  137 00000174 00000000        DCD              UART7_IRQHandler ; UART7
  138 00000178 00000000        DCD              0           ; Reserved
  139 0000017C         __Vectors_End
  140 0000017C         
  141 0000017C 0000017C 
                       __Vectors_Size
                               EQU              __Vectors_End - __Vectors
  142 0000017C         
  143 0000017C                 AREA             |.text|, CODE, READONLY
  144 00000000         
  145 00000000         ; Reset handler
  146 00000000         Reset_Handler
                               PROC
  147 00000000                 EXPORT           Reset_Handler                  
     [WEAK]
  148 00000000                 IMPORT           __main
  149 00000000                 IMPORT           SystemInit
  150 00000000                 IMPORT           extend_SRAM
  151 00000000         
  152 00000000 F241 0000 
              F2C2 0000        MOV32            R0, #0x20001000
  153 00000008 4685            MOV              SP, R0
  154 0000000A 480B            LDR              R0, =extend_SRAM
  155 0000000C 4780            BLX              R0
  156 0000000E F240 0000 
              F6C0 0000        MOV32            R0, #0x08000000
  157 00000016 F8D0 D000       LDR              SP, [R0]
  158 0000001A         
  159 0000001A 4808            LDR              R0, =SystemInit
  160 0000001C 4780            BLX              R0



ARM Macro Assembler    Page 5 


  161 0000001E 4808            LDR              R0, =__main
  162 00000020 4700            BX               R0
  163 00000022                 ENDP
  164 00000022         
  165 00000022         ; Dummy Exception Handlers (infinite loops which can be 
                       modified)
  166 00000022         
  167 00000022         NMI_Handler
                               PROC
  168 00000022                 EXPORT           NMI_Handler                    
     [WEAK]
  169 00000022 E7FE            B                .
  170 00000024                 ENDP
  172 00000024         HardFault_Handler
                               PROC
  173 00000024                 EXPORT           HardFault_Handler              
     [WEAK]
  174 00000024 E7FE            B                .
  175 00000026                 ENDP
  177 00000026         MemManage_Handler
                               PROC
  178 00000026                 EXPORT           MemManage_Handler              
     [WEAK]
  179 00000026 E7FE            B                .
  180 00000028                 ENDP
  182 00000028         BusFault_Handler
                               PROC
  183 00000028                 EXPORT           BusFault_Handler               
     [WEAK]
  184 00000028 E7FE            B                .
  185 0000002A                 ENDP
  187 0000002A         UsageFault_Handler
                               PROC
  188 0000002A                 EXPORT           UsageFault_Handler             
     [WEAK]
  189 0000002A E7FE            B                .
  190 0000002C                 ENDP
  191 0000002C         SVC_Handler
                               PROC
  192 0000002C                 EXPORT           SVC_Handler                    
     [WEAK]
  193 0000002C E7FE            B                .
  194 0000002E                 ENDP
  196 0000002E         DebugMon_Handler
                               PROC
  197 0000002E                 EXPORT           DebugMon_Handler               
     [WEAK]
  198 0000002E E7FE            B                .
  199 00000030                 ENDP
  200 00000030         PendSV_Handler
                               PROC
  201 00000030                 EXPORT           PendSV_Handler                 
     [WEAK]
  202 00000030 E7FE            B                .
  203 00000032                 ENDP
  204 00000032         SysTick_Handler
                               PROC
  205 00000032                 EXPORT           SysTick_Handler                
     [WEAK]



ARM Macro Assembler    Page 6 


  206 00000032 E7FE            B                .
  207 00000034                 ENDP
  208 00000034         
  209 00000034         Default_Handler
                               PROC
  210 00000034         
  211 00000034                 EXPORT           WWDG_IRQHandler                
     [WEAK]
  212 00000034                 EXPORT           PVD_IRQHandler                 
     [WEAK]
  213 00000034                 EXPORT           TAMPER_IRQHandler              
     [WEAK]
  214 00000034                 EXPORT           RTC_IRQHandler                 
     [WEAK]
  215 00000034                 EXPORT           FLASH_IRQHandler               
     [WEAK]
  216 00000034                 EXPORT           RCC_IRQHandler                 
     [WEAK]
  217 00000034                 EXPORT           EXTI0_IRQHandler               
     [WEAK]
  218 00000034                 EXPORT           EXTI1_IRQHandler               
     [WEAK]
  219 00000034                 EXPORT           EXTI2_IRQHandler               
     [WEAK]
  220 00000034                 EXPORT           EXTI3_IRQHandler               
     [WEAK]
  221 00000034                 EXPORT           EXTI4_IRQHandler               
     [WEAK]
  222 00000034                 EXPORT           DMA1_Channel1_IRQHandler       
     [WEAK]
  223 00000034                 EXPORT           DMA1_Channel2_IRQHandler       
     [WEAK]
  224 00000034                 EXPORT           DMA1_Channel3_IRQHandler       
     [WEAK]
  225 00000034                 EXPORT           DMA1_Channel4_IRQHandler       
     [WEAK]
  226 00000034                 EXPORT           DMA1_Channel5_IRQHandler       
     [WEAK]
  227 00000034                 EXPORT           DMA1_Channel6_IRQHandler       
     [WEAK]
  228 00000034                 EXPORT           DMA1_Channel7_IRQHandler       
     [WEAK]
  229 00000034                 EXPORT           ADC1_2_IRQHandler              
     [WEAK]
  230 00000034                 EXPORT           USB_HP_CAN1_TX_IRQHandler      
     [WEAK]
  231 00000034                 EXPORT           USB_LP_CAN1_RX0_IRQHandler     
     [WEAK]
  232 00000034                 EXPORT           CAN1_RX1_IRQHandler            
     [WEAK]
  233 00000034                 EXPORT           CAN1_SCE_IRQHandler            
     [WEAK]
  234 00000034                 EXPORT           EXTI9_5_IRQHandler             
     [WEAK]
  235 00000034                 EXPORT           TMR1_BRK_TMR9_IRQHandler       
     [WEAK]
  236 00000034                 EXPORT           TMR1_OV_TMR10_IRQHandler       
     [WEAK]
  237 00000034                 EXPORT           TMR1_TRG_COM_TMR11_IRQHandler  



ARM Macro Assembler    Page 7 


     [WEAK]
  238 00000034                 EXPORT           TMR1_CC_IRQHandler             
     [WEAK]
  239 00000034                 EXPORT           TMR2_GLOBAL_IRQHandler         
     [WEAK]
  240 00000034                 EXPORT           TMR3_GLOBAL_IRQHandler         
     [WEAK]
  241 00000034                 EXPORT           TMR4_GLOBAL_IRQHandler         
     [WEAK]
  242 00000034                 EXPORT           I2C1_EV_IRQHandler             
     [WEAK]
  243 00000034                 EXPORT           I2C1_ER_IRQHandler             
     [WEAK]
  244 00000034                 EXPORT           I2C2_EV_IRQHandler             
     [WEAK]
  245 00000034                 EXPORT           I2C2_ER_IRQHandler             
     [WEAK]
  246 00000034                 EXPORT           SPI1_IRQHandler                
     [WEAK]
  247 00000034                 EXPORT           SPI2_I2S2EXT_IRQHandler        
     [WEAK]
  248 00000034                 EXPORT           USART1_IRQHandler              
     [WEAK]
  249 00000034                 EXPORT           USART2_IRQHandler              
     [WEAK]
  250 00000034                 EXPORT           USART3_IRQHandler              
     [WEAK]
  251 00000034                 EXPORT           EXTI15_10_IRQHandler           
     [WEAK]
  252 00000034                 EXPORT           RTCAlarm_IRQHandler            
     [WEAK]
  253 00000034                 EXPORT           USBWakeUp_IRQHandler           
     [WEAK]
  254 00000034                 EXPORT           TMR8_BRK_TMR12_IRQHandler      
     [WEAK]
  255 00000034                 EXPORT           TMR8_OV_TMR13_IRQHandler       
     [WEAK]
  256 00000034                 EXPORT           TMR8_TRG_COM_TMR14_IRQHandler  
     [WEAK]
  257 00000034                 EXPORT           TMR8_CC_IRQHandler             
     [WEAK]
  258 00000034                 EXPORT           ADC3_IRQHandler                
     [WEAK]
  259 00000034                 EXPORT           TMR5_GLOBAL_IRQHandler         
     [WEAK]
  260 00000034                 EXPORT           SPI3_I2S3EXT_IRQHandler        
     [WEAK]
  261 00000034                 EXPORT           UART4_IRQHandler               
     [WEAK]
  262 00000034                 EXPORT           UART5_IRQHandler               
     [WEAK]
  263 00000034                 EXPORT           TMR6_GLOBAL_IRQHandler         
     [WEAK]
  264 00000034                 EXPORT           TMR7_GLOBAL_IRQHandler         
     [WEAK]
  265 00000034                 EXPORT           DMA2_Channel1_IRQHandler       
     [WEAK]
  266 00000034                 EXPORT           DMA2_Channel2_IRQHandler       
     [WEAK]



ARM Macro Assembler    Page 8 


  267 00000034                 EXPORT           DMA2_Channel3_IRQHandler       
     [WEAK]
  268 00000034                 EXPORT           DMA2_Channel4_5_IRQHandler     
     [WEAK]
  269 00000034                 EXPORT           SDIO2_IRQHandler               
     [WEAK]
  270 00000034                 EXPORT           I2C3_EV_IRQHandler             
     [WEAK]
  271 00000034                 EXPORT           I2C3_ER_IRQHandler             
     [WEAK]
  272 00000034                 EXPORT           SPI4_IRQHandler                
     [WEAK]
  273 00000034                 EXPORT           CAN2_TX_IRQHandler             
     [WEAK]
  274 00000034                 EXPORT           CAN2_RX0_IRQHandler            
     [WEAK]
  275 00000034                 EXPORT           CAN2_RX1_IRQHandler            
     [WEAK]
  276 00000034                 EXPORT           CAN2_SCE_IRQHandler            
     [WEAK]
  277 00000034                 EXPORT           ACC_IRQHandler                 
     [WEAK]
  278 00000034                 EXPORT           USB_HP_IRQHandler              
     [WEAK]
  279 00000034                 EXPORT           USB_LP_IRQHandler              
     [WEAK]
  280 00000034                 EXPORT           DMA2_Channel6_7_IRQHandler     
     [WEAK]
  281 00000034                 EXPORT           USART6_IRQHandler              
     [WEAK]
  282 00000034                 EXPORT           UART7_IRQHandler               
     [WEAK]
  283 00000034         
  284 00000034         WWDG_IRQHandler
  285 00000034         PVD_IRQHandler
  286 00000034         TAMPER_IRQHandler
  287 00000034         RTC_IRQHandler
  288 00000034         FLASH_IRQHandler
  289 00000034         RCC_IRQHandler
  290 00000034         EXTI0_IRQHandler
  291 00000034         EXTI1_IRQHandler
  292 00000034         EXTI2_IRQHandler
  293 00000034         EXTI3_IRQHandler
  294 00000034         EXTI4_IRQHandler
  295 00000034         DMA1_Channel1_IRQHandler
  296 00000034         DMA1_Channel2_IRQHandler
  297 00000034         DMA1_Channel3_IRQHandler
  298 00000034         DMA1_Channel4_IRQHandler
  299 00000034         DMA1_Channel5_IRQHandler
  300 00000034         DMA1_Channel6_IRQHandler
  301 00000034         DMA1_Channel7_IRQHandler
  302 00000034         ADC1_2_IRQHandler
  303 00000034         USB_HP_CAN1_TX_IRQHandler
  304 00000034         USB_LP_CAN1_RX0_IRQHandler
  305 00000034         CAN1_RX1_IRQHandler
  306 00000034         CAN1_SCE_IRQHandler
  307 00000034         EXTI9_5_IRQHandler
  308 00000034         TMR1_BRK_TMR9_IRQHandler
  309 00000034         TMR1_OV_TMR10_IRQHandler



ARM Macro Assembler    Page 9 


  310 00000034         TMR1_TRG_COM_TMR11_IRQHandler
  311 00000034         TMR1_CC_IRQHandler
  312 00000034         TMR2_GLOBAL_IRQHandler
  313 00000034         TMR3_GLOBAL_IRQHandler
  314 00000034         TMR4_GLOBAL_IRQHandler
  315 00000034         I2C1_EV_IRQHandler
  316 00000034         I2C1_ER_IRQHandler
  317 00000034         I2C2_EV_IRQHandler
  318 00000034         I2C2_ER_IRQHandler
  319 00000034         SPI1_IRQHandler
  320 00000034         SPI2_I2S2EXT_IRQHandler
  321 00000034         USART1_IRQHandler
  322 00000034         USART2_IRQHandler
  323 00000034         USART3_IRQHandler
  324 00000034         EXTI15_10_IRQHandler
  325 00000034         RTCAlarm_IRQHandler
  326 00000034         USBWakeUp_IRQHandler
  327 00000034         TMR8_BRK_TMR12_IRQHandler
  328 00000034         TMR8_OV_TMR13_IRQHandler
  329 00000034         TMR8_TRG_COM_TMR14_IRQHandler
  330 00000034         TMR8_CC_IRQHandler
  331 00000034         ADC3_IRQHandler
  332 00000034         TMR5_GLOBAL_IRQHandler
  333 00000034         SPI3_I2S3EXT_IRQHandler
  334 00000034         UART4_IRQHandler
  335 00000034         UART5_IRQHandler
  336 00000034         TMR6_GLOBAL_IRQHandler
  337 00000034         TMR7_GLOBAL_IRQHandler
  338 00000034         DMA2_Channel1_IRQHandler
  339 00000034         DMA2_Channel2_IRQHandler
  340 00000034         DMA2_Channel3_IRQHandler
  341 00000034         DMA2_Channel4_5_IRQHandler
  342 00000034         SDIO2_IRQHandler
  343 00000034         I2C3_EV_IRQHandler
  344 00000034         I2C3_ER_IRQHandler
  345 00000034         SPI4_IRQHandler
  346 00000034         CAN2_TX_IRQHandler
  347 00000034         CAN2_RX0_IRQHandler
  348 00000034         CAN2_RX1_IRQHandler
  349 00000034         CAN2_SCE_IRQHandler
  350 00000034         ACC_IRQHandler
  351 00000034         USB_HP_IRQHandler
  352 00000034         USB_LP_IRQHandler
  353 00000034         DMA2_Channel6_7_IRQHandler
  354 00000034         USART6_IRQHandler
  355 00000034         UART7_IRQHandler
  356 00000034 E7FE            B                .
  357 00000036         
  358 00000036                 ENDP
  359 00000036         
  360 00000036 00 00           ALIGN
  361 00000038         
  362 00000038         ;*******************************************************
                       ************************
  363 00000038         ; User Stack and Heap initialization
  364 00000038         ;*******************************************************
                       ************************
  365 00000038                 IF               :DEF:__MICROLIB
  366 00000038         



ARM Macro Assembler    Page 10 


  367 00000038                 EXPORT           __initial_sp
  368 00000038                 EXPORT           __heap_base
  369 00000038                 EXPORT           __heap_limit
  370 00000038         
  371 00000038                 ELSE
  386                          ENDIF
  387 00000038         
  388 00000038                 END
              00000000 
              00000000 
              00000000 
Command Line: --debug --xref --diag_suppress=9931 --cpu=Cortex-M4.fp --apcs=int
erwork --depend=.\objects\startup_at32f403acgu7.d -o.\objects\startup_at32f403a
cgu7.o -I.\RTE\_WatchX-II -IE:\keil5\Packes\ARM\CMSIS\5.6.0\CMSIS\Core\Include 
-IE:\keil5\Packes\ARM\CMSIS\5.6.0\CMSIS\DSP\Include -IE:\keil5\Packes\Keil\AT32
F4xx_DFP\1.3.4\Device\Include -IE:\keil5\Packes\Keil\AT32F4xx_DFP\1.3.4\Device\
StdPeriph_Driver\inc -IE:\keil5\Packes\Keil\AT32F4xx_DFP\1.3.4\Device\StdPeriph
_Driver\templates --predefine="__MICROLIB SETA 1" --predefine="__UVISION_VERSIO
N SETA 525" --predefine="_RTE_ SETA 1" --predefine="AT32F403ACGU7 SETA 1" --lis
t=.\listings\startup_at32f403acgu7.lst RTE\Device\AT32F403ACGU7\startup_at32f40
3acgu7.s



ARM Macro Assembler    Page 1 Alphabetic symbol ordering
Relocatable symbols

STACK 00000000

Symbol: STACK
   Definitions
      At line 17 in file RTE\Device\AT32F403ACGU7\startup_at32f403acgu7.s
   Uses
      None
Comment: STACK unused
Stack_Mem 00000000

Symbol: Stack_Mem
   Definitions
      At line 18 in file RTE\Device\AT32F403ACGU7\startup_at32f403acgu7.s
   Uses
      None
Comment: Stack_Mem unused
__initial_sp 00000600

Symbol: __initial_sp
   Definitions
      At line 19 in file RTE\Device\AT32F403ACGU7\startup_at32f403acgu7.s
   Uses
      At line 42 in file RTE\Device\AT32F403ACGU7\startup_at32f403acgu7.s
      At line 367 in file RTE\Device\AT32F403ACGU7\startup_at32f403acgu7.s

3 symbols



ARM Macro Assembler    Page 1 Alphabetic symbol ordering
Relocatable symbols

HEAP 00000000

Symbol: HEAP
   Definitions
      At line 27 in file RTE\Device\AT32F403ACGU7\startup_at32f403acgu7.s
   Uses
      None
Comment: HEAP unused
Heap_Mem 00000000

Symbol: Heap_Mem
   Definitions
      At line 29 in file RTE\Device\AT32F403ACGU7\startup_at32f403acgu7.s
   Uses
      None
Comment: Heap_Mem unused
__heap_base 00000000

Symbol: __heap_base
   Definitions
      At line 28 in file RTE\Device\AT32F403ACGU7\startup_at32f403acgu7.s
   Uses
      At line 368 in file RTE\Device\AT32F403ACGU7\startup_at32f403acgu7.s
Comment: __heap_base used once
__heap_limit 00000600

Symbol: __heap_limit
   Definitions
      At line 30 in file RTE\Device\AT32F403ACGU7\startup_at32f403acgu7.s
   Uses
      At line 369 in file RTE\Device\AT32F403ACGU7\startup_at32f403acgu7.s
Comment: __heap_limit used once
4 symbols



ARM Macro Assembler    Page 1 Alphabetic symbol ordering
Relocatable symbols

RESET 00000000

Symbol: RESET
   Definitions
      At line 37 in file RTE\Device\AT32F403ACGU7\startup_at32f403acgu7.s
   Uses
      None
Comment: RESET unused
__Vectors 00000000

Symbol: __Vectors
   Definitions
      At line 42 in file RTE\Device\AT32F403ACGU7\startup_at32f403acgu7.s
   Uses
      At line 38 in file RTE\Device\AT32F403ACGU7\startup_at32f403acgu7.s
      At line 141 in file RTE\Device\AT32F403ACGU7\startup_at32f403acgu7.s

__Vectors_End 0000017C

Symbol: __Vectors_End
   Definitions
      At line 139 in file RTE\Device\AT32F403ACGU7\startup_at32f403acgu7.s
   Uses
      At line 39 in file RTE\Device\AT32F403ACGU7\startup_at32f403acgu7.s
      At line 141 in file RTE\Device\AT32F403ACGU7\startup_at32f403acgu7.s

3 symbols



ARM Macro Assembler    Page 1 Alphabetic symbol ordering
Relocatable symbols

.text 00000000

Symbol: .text
   Definitions
      At line 143 in file RTE\Device\AT32F403ACGU7\startup_at32f403acgu7.s
   Uses
      None
Comment: .text unused
ACC_IRQHandler 00000034

Symbol: ACC_IRQHandler
   Definitions
      At line 350 in file RTE\Device\AT32F403ACGU7\startup_at32f403acgu7.s
   Uses
      At line 132 in file RTE\Device\AT32F403ACGU7\startup_at32f403acgu7.s
      At line 277 in file RTE\Device\AT32F403ACGU7\startup_at32f403acgu7.s

ADC1_2_IRQHandler 00000034

Symbol: ADC1_2_IRQHandler
   Definitions
      At line 302 in file RTE\Device\AT32F403ACGU7\startup_at32f403acgu7.s
   Uses
      At line 78 in file RTE\Device\AT32F403ACGU7\startup_at32f403acgu7.s
      At line 229 in file RTE\Device\AT32F403ACGU7\startup_at32f403acgu7.s

ADC3_IRQHandler 00000034

Symbol: ADC3_IRQHandler
   Definitions
      At line 331 in file RTE\Device\AT32F403ACGU7\startup_at32f403acgu7.s
   Uses
      At line 107 in file RTE\Device\AT32F403ACGU7\startup_at32f403acgu7.s
      At line 258 in file RTE\Device\AT32F403ACGU7\startup_at32f403acgu7.s

BusFault_Handler 00000028

Symbol: BusFault_Handler
   Definitions
      At line 182 in file RTE\Device\AT32F403ACGU7\startup_at32f403acgu7.s
   Uses
      At line 47 in file RTE\Device\AT32F403ACGU7\startup_at32f403acgu7.s
      At line 183 in file RTE\Device\AT32F403ACGU7\startup_at32f403acgu7.s

CAN1_RX1_IRQHandler 00000034

Symbol: CAN1_RX1_IRQHandler
   Definitions
      At line 305 in file RTE\Device\AT32F403ACGU7\startup_at32f403acgu7.s
   Uses
      At line 81 in file RTE\Device\AT32F403ACGU7\startup_at32f403acgu7.s
      At line 232 in file RTE\Device\AT32F403ACGU7\startup_at32f403acgu7.s

CAN1_SCE_IRQHandler 00000034

Symbol: CAN1_SCE_IRQHandler
   Definitions
      At line 306 in file RTE\Device\AT32F403ACGU7\startup_at32f403acgu7.s
   Uses



ARM Macro Assembler    Page 2 Alphabetic symbol ordering
Relocatable symbols

      At line 82 in file RTE\Device\AT32F403ACGU7\startup_at32f403acgu7.s
      At line 233 in file RTE\Device\AT32F403ACGU7\startup_at32f403acgu7.s

CAN2_RX0_IRQHandler 00000034

Symbol: CAN2_RX0_IRQHandler
   Definitions
      At line 347 in file RTE\Device\AT32F403ACGU7\startup_at32f403acgu7.s
   Uses
      At line 129 in file RTE\Device\AT32F403ACGU7\startup_at32f403acgu7.s
      At line 274 in file RTE\Device\AT32F403ACGU7\startup_at32f403acgu7.s

CAN2_RX1_IRQHandler 00000034

Symbol: CAN2_RX1_IRQHandler
   Definitions
      At line 348 in file RTE\Device\AT32F403ACGU7\startup_at32f403acgu7.s
   Uses
      At line 130 in file RTE\Device\AT32F403ACGU7\startup_at32f403acgu7.s
      At line 275 in file RTE\Device\AT32F403ACGU7\startup_at32f403acgu7.s

CAN2_SCE_IRQHandler 00000034

Symbol: CAN2_SCE_IRQHandler
   Definitions
      At line 349 in file RTE\Device\AT32F403ACGU7\startup_at32f403acgu7.s
   Uses
      At line 131 in file RTE\Device\AT32F403ACGU7\startup_at32f403acgu7.s
      At line 276 in file RTE\Device\AT32F403ACGU7\startup_at32f403acgu7.s

CAN2_TX_IRQHandler 00000034

Symbol: CAN2_TX_IRQHandler
   Definitions
      At line 346 in file RTE\Device\AT32F403ACGU7\startup_at32f403acgu7.s
   Uses
      At line 128 in file RTE\Device\AT32F403ACGU7\startup_at32f403acgu7.s
      At line 273 in file RTE\Device\AT32F403ACGU7\startup_at32f403acgu7.s

DMA1_Channel1_IRQHandler 00000034

Symbol: DMA1_Channel1_IRQHandler
   Definitions
      At line 295 in file RTE\Device\AT32F403ACGU7\startup_at32f403acgu7.s
   Uses
      At line 71 in file RTE\Device\AT32F403ACGU7\startup_at32f403acgu7.s
      At line 222 in file RTE\Device\AT32F403ACGU7\startup_at32f403acgu7.s

DMA1_Channel2_IRQHandler 00000034

Symbol: DMA1_Channel2_IRQHandler
   Definitions
      At line 296 in file RTE\Device\AT32F403ACGU7\startup_at32f403acgu7.s
   Uses
      At line 72 in file RTE\Device\AT32F403ACGU7\startup_at32f403acgu7.s
      At line 223 in file RTE\Device\AT32F403ACGU7\startup_at32f403acgu7.s

DMA1_Channel3_IRQHandler 00000034




ARM Macro Assembler    Page 3 Alphabetic symbol ordering
Relocatable symbols

Symbol: DMA1_Channel3_IRQHandler
   Definitions
      At line 297 in file RTE\Device\AT32F403ACGU7\startup_at32f403acgu7.s
   Uses
      At line 73 in file RTE\Device\AT32F403ACGU7\startup_at32f403acgu7.s
      At line 224 in file RTE\Device\AT32F403ACGU7\startup_at32f403acgu7.s

DMA1_Channel4_IRQHandler 00000034

Symbol: DMA1_Channel4_IRQHandler
   Definitions
      At line 298 in file RTE\Device\AT32F403ACGU7\startup_at32f403acgu7.s
   Uses
      At line 74 in file RTE\Device\AT32F403ACGU7\startup_at32f403acgu7.s
      At line 225 in file RTE\Device\AT32F403ACGU7\startup_at32f403acgu7.s

DMA1_Channel5_IRQHandler 00000034

Symbol: DMA1_Channel5_IRQHandler
   Definitions
      At line 299 in file RTE\Device\AT32F403ACGU7\startup_at32f403acgu7.s
   Uses
      At line 75 in file RTE\Device\AT32F403ACGU7\startup_at32f403acgu7.s
      At line 226 in file RTE\Device\AT32F403ACGU7\startup_at32f403acgu7.s

DMA1_Channel6_IRQHandler 00000034

Symbol: DMA1_Channel6_IRQHandler
   Definitions
      At line 300 in file RTE\Device\AT32F403ACGU7\startup_at32f403acgu7.s
   Uses
      At line 76 in file RTE\Device\AT32F403ACGU7\startup_at32f403acgu7.s
      At line 227 in file RTE\Device\AT32F403ACGU7\startup_at32f403acgu7.s

DMA1_Channel7_IRQHandler 00000034

Symbol: DMA1_Channel7_IRQHandler
   Definitions
      At line 301 in file RTE\Device\AT32F403ACGU7\startup_at32f403acgu7.s
   Uses
      At line 77 in file RTE\Device\AT32F403ACGU7\startup_at32f403acgu7.s
      At line 228 in file RTE\Device\AT32F403ACGU7\startup_at32f403acgu7.s

DMA2_Channel1_IRQHandler 00000034

Symbol: DMA2_Channel1_IRQHandler
   Definitions
      At line 338 in file RTE\Device\AT32F403ACGU7\startup_at32f403acgu7.s
   Uses
      At line 116 in file RTE\Device\AT32F403ACGU7\startup_at32f403acgu7.s
      At line 265 in file RTE\Device\AT32F403ACGU7\startup_at32f403acgu7.s

DMA2_Channel2_IRQHandler 00000034

Symbol: DMA2_Channel2_IRQHandler
   Definitions
      At line 339 in file RTE\Device\AT32F403ACGU7\startup_at32f403acgu7.s
   Uses
      At line 117 in file RTE\Device\AT32F403ACGU7\startup_at32f403acgu7.s



ARM Macro Assembler    Page 4 Alphabetic symbol ordering
Relocatable symbols

      At line 266 in file RTE\Device\AT32F403ACGU7\startup_at32f403acgu7.s

DMA2_Channel3_IRQHandler 00000034

Symbol: DMA2_Channel3_IRQHandler
   Definitions
      At line 340 in file RTE\Device\AT32F403ACGU7\startup_at32f403acgu7.s
   Uses
      At line 118 in file RTE\Device\AT32F403ACGU7\startup_at32f403acgu7.s
      At line 267 in file RTE\Device\AT32F403ACGU7\startup_at32f403acgu7.s

DMA2_Channel4_5_IRQHandler 00000034

Symbol: DMA2_Channel4_5_IRQHandler
   Definitions
      At line 341 in file RTE\Device\AT32F403ACGU7\startup_at32f403acgu7.s
   Uses
      At line 119 in file RTE\Device\AT32F403ACGU7\startup_at32f403acgu7.s
      At line 268 in file RTE\Device\AT32F403ACGU7\startup_at32f403acgu7.s

DMA2_Channel6_7_IRQHandler 00000034

Symbol: DMA2_Channel6_7_IRQHandler
   Definitions
      At line 353 in file RTE\Device\AT32F403ACGU7\startup_at32f403acgu7.s
   Uses
      At line 135 in file RTE\Device\AT32F403ACGU7\startup_at32f403acgu7.s
      At line 280 in file RTE\Device\AT32F403ACGU7\startup_at32f403acgu7.s

DebugMon_Handler 0000002E

Symbol: DebugMon_Handler
   Definitions
      At line 196 in file RTE\Device\AT32F403ACGU7\startup_at32f403acgu7.s
   Uses
      At line 54 in file RTE\Device\AT32F403ACGU7\startup_at32f403acgu7.s
      At line 197 in file RTE\Device\AT32F403ACGU7\startup_at32f403acgu7.s

Default_Handler 00000034

Symbol: Default_Handler
   Definitions
      At line 209 in file RTE\Device\AT32F403ACGU7\startup_at32f403acgu7.s
   Uses
      None
Comment: Default_Handler unused
EXTI0_IRQHandler 00000034

Symbol: EXTI0_IRQHandler
   Definitions
      At line 290 in file RTE\Device\AT32F403ACGU7\startup_at32f403acgu7.s
   Uses
      At line 66 in file RTE\Device\AT32F403ACGU7\startup_at32f403acgu7.s
      At line 217 in file RTE\Device\AT32F403ACGU7\startup_at32f403acgu7.s

EXTI15_10_IRQHandler 00000034

Symbol: EXTI15_10_IRQHandler
   Definitions



ARM Macro Assembler    Page 5 Alphabetic symbol ordering
Relocatable symbols

      At line 324 in file RTE\Device\AT32F403ACGU7\startup_at32f403acgu7.s
   Uses
      At line 100 in file RTE\Device\AT32F403ACGU7\startup_at32f403acgu7.s
      At line 251 in file RTE\Device\AT32F403ACGU7\startup_at32f403acgu7.s

EXTI1_IRQHandler 00000034

Symbol: EXTI1_IRQHandler
   Definitions
      At line 291 in file RTE\Device\AT32F403ACGU7\startup_at32f403acgu7.s
   Uses
      At line 67 in file RTE\Device\AT32F403ACGU7\startup_at32f403acgu7.s
      At line 218 in file RTE\Device\AT32F403ACGU7\startup_at32f403acgu7.s

EXTI2_IRQHandler 00000034

Symbol: EXTI2_IRQHandler
   Definitions
      At line 292 in file RTE\Device\AT32F403ACGU7\startup_at32f403acgu7.s
   Uses
      At line 68 in file RTE\Device\AT32F403ACGU7\startup_at32f403acgu7.s
      At line 219 in file RTE\Device\AT32F403ACGU7\startup_at32f403acgu7.s

EXTI3_IRQHandler 00000034

Symbol: EXTI3_IRQHandler
   Definitions
      At line 293 in file RTE\Device\AT32F403ACGU7\startup_at32f403acgu7.s
   Uses
      At line 69 in file RTE\Device\AT32F403ACGU7\startup_at32f403acgu7.s
      At line 220 in file RTE\Device\AT32F403ACGU7\startup_at32f403acgu7.s

EXTI4_IRQHandler 00000034

Symbol: EXTI4_IRQHandler
   Definitions
      At line 294 in file RTE\Device\AT32F403ACGU7\startup_at32f403acgu7.s
   Uses
      At line 70 in file RTE\Device\AT32F403ACGU7\startup_at32f403acgu7.s
      At line 221 in file RTE\Device\AT32F403ACGU7\startup_at32f403acgu7.s

EXTI9_5_IRQHandler 00000034

Symbol: EXTI9_5_IRQHandler
   Definitions
      At line 307 in file RTE\Device\AT32F403ACGU7\startup_at32f403acgu7.s
   Uses
      At line 83 in file RTE\Device\AT32F403ACGU7\startup_at32f403acgu7.s
      At line 234 in file RTE\Device\AT32F403ACGU7\startup_at32f403acgu7.s

FLASH_IRQHandler 00000034

Symbol: FLASH_IRQHandler
   Definitions
      At line 288 in file RTE\Device\AT32F403ACGU7\startup_at32f403acgu7.s
   Uses
      At line 64 in file RTE\Device\AT32F403ACGU7\startup_at32f403acgu7.s
      At line 215 in file RTE\Device\AT32F403ACGU7\startup_at32f403acgu7.s




ARM Macro Assembler    Page 6 Alphabetic symbol ordering
Relocatable symbols

HardFault_Handler 00000024

Symbol: HardFault_Handler
   Definitions
      At line 172 in file RTE\Device\AT32F403ACGU7\startup_at32f403acgu7.s
   Uses
      At line 45 in file RTE\Device\AT32F403ACGU7\startup_at32f403acgu7.s
      At line 173 in file RTE\Device\AT32F403ACGU7\startup_at32f403acgu7.s

I2C1_ER_IRQHandler 00000034

Symbol: I2C1_ER_IRQHandler
   Definitions
      At line 316 in file RTE\Device\AT32F403ACGU7\startup_at32f403acgu7.s
   Uses
      At line 92 in file RTE\Device\AT32F403ACGU7\startup_at32f403acgu7.s
      At line 243 in file RTE\Device\AT32F403ACGU7\startup_at32f403acgu7.s

I2C1_EV_IRQHandler 00000034

Symbol: I2C1_EV_IRQHandler
   Definitions
      At line 315 in file RTE\Device\AT32F403ACGU7\startup_at32f403acgu7.s
   Uses
      At line 91 in file RTE\Device\AT32F403ACGU7\startup_at32f403acgu7.s
      At line 242 in file RTE\Device\AT32F403ACGU7\startup_at32f403acgu7.s

I2C2_ER_IRQHandler 00000034

Symbol: I2C2_ER_IRQHandler
   Definitions
      At line 318 in file RTE\Device\AT32F403ACGU7\startup_at32f403acgu7.s
   Uses
      At line 94 in file RTE\Device\AT32F403ACGU7\startup_at32f403acgu7.s
      At line 245 in file RTE\Device\AT32F403ACGU7\startup_at32f403acgu7.s

I2C2_EV_IRQHandler 00000034

Symbol: I2C2_EV_IRQHandler
   Definitions
      At line 317 in file RTE\Device\AT32F403ACGU7\startup_at32f403acgu7.s
   Uses
      At line 93 in file RTE\Device\AT32F403ACGU7\startup_at32f403acgu7.s
      At line 244 in file RTE\Device\AT32F403ACGU7\startup_at32f403acgu7.s

I2C3_ER_IRQHandler 00000034

Symbol: I2C3_ER_IRQHandler
   Definitions
      At line 344 in file RTE\Device\AT32F403ACGU7\startup_at32f403acgu7.s
   Uses
      At line 122 in file RTE\Device\AT32F403ACGU7\startup_at32f403acgu7.s
      At line 271 in file RTE\Device\AT32F403ACGU7\startup_at32f403acgu7.s

I2C3_EV_IRQHandler 00000034

Symbol: I2C3_EV_IRQHandler
   Definitions
      At line 343 in file RTE\Device\AT32F403ACGU7\startup_at32f403acgu7.s



ARM Macro Assembler    Page 7 Alphabetic symbol ordering
Relocatable symbols

   Uses
      At line 121 in file RTE\Device\AT32F403ACGU7\startup_at32f403acgu7.s
      At line 270 in file RTE\Device\AT32F403ACGU7\startup_at32f403acgu7.s

MemManage_Handler 00000026

Symbol: MemManage_Handler
   Definitions
      At line 177 in file RTE\Device\AT32F403ACGU7\startup_at32f403acgu7.s
   Uses
      At line 46 in file RTE\Device\AT32F403ACGU7\startup_at32f403acgu7.s
      At line 178 in file RTE\Device\AT32F403ACGU7\startup_at32f403acgu7.s

NMI_Handler 00000022

Symbol: NMI_Handler
   Definitions
      At line 167 in file RTE\Device\AT32F403ACGU7\startup_at32f403acgu7.s
   Uses
      At line 44 in file RTE\Device\AT32F403ACGU7\startup_at32f403acgu7.s
      At line 168 in file RTE\Device\AT32F403ACGU7\startup_at32f403acgu7.s

PVD_IRQHandler 00000034

Symbol: PVD_IRQHandler
   Definitions
      At line 285 in file RTE\Device\AT32F403ACGU7\startup_at32f403acgu7.s
   Uses
      At line 61 in file RTE\Device\AT32F403ACGU7\startup_at32f403acgu7.s
      At line 212 in file RTE\Device\AT32F403ACGU7\startup_at32f403acgu7.s

PendSV_Handler 00000030

Symbol: PendSV_Handler
   Definitions
      At line 200 in file RTE\Device\AT32F403ACGU7\startup_at32f403acgu7.s
   Uses
      At line 56 in file RTE\Device\AT32F403ACGU7\startup_at32f403acgu7.s
      At line 201 in file RTE\Device\AT32F403ACGU7\startup_at32f403acgu7.s

RCC_IRQHandler 00000034

Symbol: RCC_IRQHandler
   Definitions
      At line 289 in file RTE\Device\AT32F403ACGU7\startup_at32f403acgu7.s
   Uses
      At line 65 in file RTE\Device\AT32F403ACGU7\startup_at32f403acgu7.s
      At line 216 in file RTE\Device\AT32F403ACGU7\startup_at32f403acgu7.s

RTCAlarm_IRQHandler 00000034

Symbol: RTCAlarm_IRQHandler
   Definitions
      At line 325 in file RTE\Device\AT32F403ACGU7\startup_at32f403acgu7.s
   Uses
      At line 101 in file RTE\Device\AT32F403ACGU7\startup_at32f403acgu7.s
      At line 252 in file RTE\Device\AT32F403ACGU7\startup_at32f403acgu7.s

RTC_IRQHandler 00000034



ARM Macro Assembler    Page 8 Alphabetic symbol ordering
Relocatable symbols


Symbol: RTC_IRQHandler
   Definitions
      At line 287 in file RTE\Device\AT32F403ACGU7\startup_at32f403acgu7.s
   Uses
      At line 63 in file RTE\Device\AT32F403ACGU7\startup_at32f403acgu7.s
      At line 214 in file RTE\Device\AT32F403ACGU7\startup_at32f403acgu7.s

Reset_Handler 00000000

Symbol: Reset_Handler
   Definitions
      At line 146 in file RTE\Device\AT32F403ACGU7\startup_at32f403acgu7.s
   Uses
      At line 43 in file RTE\Device\AT32F403ACGU7\startup_at32f403acgu7.s
      At line 147 in file RTE\Device\AT32F403ACGU7\startup_at32f403acgu7.s

SDIO2_IRQHandler 00000034

Symbol: SDIO2_IRQHandler
   Definitions
      At line 342 in file RTE\Device\AT32F403ACGU7\startup_at32f403acgu7.s
   Uses
      At line 120 in file RTE\Device\AT32F403ACGU7\startup_at32f403acgu7.s
      At line 269 in file RTE\Device\AT32F403ACGU7\startup_at32f403acgu7.s

SPI1_IRQHandler 00000034

Symbol: SPI1_IRQHandler
   Definitions
      At line 319 in file RTE\Device\AT32F403ACGU7\startup_at32f403acgu7.s
   Uses
      At line 95 in file RTE\Device\AT32F403ACGU7\startup_at32f403acgu7.s
      At line 246 in file RTE\Device\AT32F403ACGU7\startup_at32f403acgu7.s

SPI2_I2S2EXT_IRQHandler 00000034

Symbol: SPI2_I2S2EXT_IRQHandler
   Definitions
      At line 320 in file RTE\Device\AT32F403ACGU7\startup_at32f403acgu7.s
   Uses
      At line 96 in file RTE\Device\AT32F403ACGU7\startup_at32f403acgu7.s
      At line 247 in file RTE\Device\AT32F403ACGU7\startup_at32f403acgu7.s

SPI3_I2S3EXT_IRQHandler 00000034

Symbol: SPI3_I2S3EXT_IRQHandler
   Definitions
      At line 333 in file RTE\Device\AT32F403ACGU7\startup_at32f403acgu7.s
   Uses
      At line 111 in file RTE\Device\AT32F403ACGU7\startup_at32f403acgu7.s
      At line 260 in file RTE\Device\AT32F403ACGU7\startup_at32f403acgu7.s

SPI4_IRQHandler 00000034

Symbol: SPI4_IRQHandler
   Definitions
      At line 345 in file RTE\Device\AT32F403ACGU7\startup_at32f403acgu7.s
   Uses



ARM Macro Assembler    Page 9 Alphabetic symbol ordering
Relocatable symbols

      At line 123 in file RTE\Device\AT32F403ACGU7\startup_at32f403acgu7.s
      At line 272 in file RTE\Device\AT32F403ACGU7\startup_at32f403acgu7.s

SVC_Handler 0000002C

Symbol: SVC_Handler
   Definitions
      At line 191 in file RTE\Device\AT32F403ACGU7\startup_at32f403acgu7.s
   Uses
      At line 53 in file RTE\Device\AT32F403ACGU7\startup_at32f403acgu7.s
      At line 192 in file RTE\Device\AT32F403ACGU7\startup_at32f403acgu7.s

SysTick_Handler 00000032

Symbol: SysTick_Handler
   Definitions
      At line 204 in file RTE\Device\AT32F403ACGU7\startup_at32f403acgu7.s
   Uses
      At line 57 in file RTE\Device\AT32F403ACGU7\startup_at32f403acgu7.s
      At line 205 in file RTE\Device\AT32F403ACGU7\startup_at32f403acgu7.s

TAMPER_IRQHandler 00000034

Symbol: TAMPER_IRQHandler
   Definitions
      At line 286 in file RTE\Device\AT32F403ACGU7\startup_at32f403acgu7.s
   Uses
      At line 62 in file RTE\Device\AT32F403ACGU7\startup_at32f403acgu7.s
      At line 213 in file RTE\Device\AT32F403ACGU7\startup_at32f403acgu7.s

TMR1_BRK_TMR9_IRQHandler 00000034

Symbol: TMR1_BRK_TMR9_IRQHandler
   Definitions
      At line 308 in file RTE\Device\AT32F403ACGU7\startup_at32f403acgu7.s
   Uses
      At line 84 in file RTE\Device\AT32F403ACGU7\startup_at32f403acgu7.s
      At line 235 in file RTE\Device\AT32F403ACGU7\startup_at32f403acgu7.s

TMR1_CC_IRQHandler 00000034

Symbol: TMR1_CC_IRQHandler
   Definitions
      At line 311 in file RTE\Device\AT32F403ACGU7\startup_at32f403acgu7.s
   Uses
      At line 87 in file RTE\Device\AT32F403ACGU7\startup_at32f403acgu7.s
      At line 238 in file RTE\Device\AT32F403ACGU7\startup_at32f403acgu7.s

TMR1_OV_TMR10_IRQHandler 00000034

Symbol: TMR1_OV_TMR10_IRQHandler
   Definitions
      At line 309 in file RTE\Device\AT32F403ACGU7\startup_at32f403acgu7.s
   Uses
      At line 85 in file RTE\Device\AT32F403ACGU7\startup_at32f403acgu7.s
      At line 236 in file RTE\Device\AT32F403ACGU7\startup_at32f403acgu7.s

TMR1_TRG_COM_TMR11_IRQHandler 00000034




ARM Macro Assembler    Page 10 Alphabetic symbol ordering
Relocatable symbols

Symbol: TMR1_TRG_COM_TMR11_IRQHandler
   Definitions
      At line 310 in file RTE\Device\AT32F403ACGU7\startup_at32f403acgu7.s
   Uses
      At line 86 in file RTE\Device\AT32F403ACGU7\startup_at32f403acgu7.s
      At line 237 in file RTE\Device\AT32F403ACGU7\startup_at32f403acgu7.s

TMR2_GLOBAL_IRQHandler 00000034

Symbol: TMR2_GLOBAL_IRQHandler
   Definitions
      At line 312 in file RTE\Device\AT32F403ACGU7\startup_at32f403acgu7.s
   Uses
      At line 88 in file RTE\Device\AT32F403ACGU7\startup_at32f403acgu7.s
      At line 239 in file RTE\Device\AT32F403ACGU7\startup_at32f403acgu7.s

TMR3_GLOBAL_IRQHandler 00000034

Symbol: TMR3_GLOBAL_IRQHandler
   Definitions
      At line 313 in file RTE\Device\AT32F403ACGU7\startup_at32f403acgu7.s
   Uses
      At line 89 in file RTE\Device\AT32F403ACGU7\startup_at32f403acgu7.s
      At line 240 in file RTE\Device\AT32F403ACGU7\startup_at32f403acgu7.s

TMR4_GLOBAL_IRQHandler 00000034

Symbol: TMR4_GLOBAL_IRQHandler
   Definitions
      At line 314 in file RTE\Device\AT32F403ACGU7\startup_at32f403acgu7.s
   Uses
      At line 90 in file RTE\Device\AT32F403ACGU7\startup_at32f403acgu7.s
      At line 241 in file RTE\Device\AT32F403ACGU7\startup_at32f403acgu7.s

TMR5_GLOBAL_IRQHandler 00000034

Symbol: TMR5_GLOBAL_IRQHandler
   Definitions
      At line 332 in file RTE\Device\AT32F403ACGU7\startup_at32f403acgu7.s
   Uses
      At line 110 in file RTE\Device\AT32F403ACGU7\startup_at32f403acgu7.s
      At line 259 in file RTE\Device\AT32F403ACGU7\startup_at32f403acgu7.s

TMR6_GLOBAL_IRQHandler 00000034

Symbol: TMR6_GLOBAL_IRQHandler
   Definitions
      At line 336 in file RTE\Device\AT32F403ACGU7\startup_at32f403acgu7.s
   Uses
      At line 114 in file RTE\Device\AT32F403ACGU7\startup_at32f403acgu7.s
      At line 263 in file RTE\Device\AT32F403ACGU7\startup_at32f403acgu7.s

TMR7_GLOBAL_IRQHandler 00000034

Symbol: TMR7_GLOBAL_IRQHandler
   Definitions
      At line 337 in file RTE\Device\AT32F403ACGU7\startup_at32f403acgu7.s
   Uses
      At line 115 in file RTE\Device\AT32F403ACGU7\startup_at32f403acgu7.s



ARM Macro Assembler    Page 11 Alphabetic symbol ordering
Relocatable symbols

      At line 264 in file RTE\Device\AT32F403ACGU7\startup_at32f403acgu7.s

TMR8_BRK_TMR12_IRQHandler 00000034

Symbol: TMR8_BRK_TMR12_IRQHandler
   Definitions
      At line 327 in file RTE\Device\AT32F403ACGU7\startup_at32f403acgu7.s
   Uses
      At line 103 in file RTE\Device\AT32F403ACGU7\startup_at32f403acgu7.s
      At line 254 in file RTE\Device\AT32F403ACGU7\startup_at32f403acgu7.s

TMR8_CC_IRQHandler 00000034

Symbol: TMR8_CC_IRQHandler
   Definitions
      At line 330 in file RTE\Device\AT32F403ACGU7\startup_at32f403acgu7.s
   Uses
      At line 106 in file RTE\Device\AT32F403ACGU7\startup_at32f403acgu7.s
      At line 257 in file RTE\Device\AT32F403ACGU7\startup_at32f403acgu7.s

TMR8_OV_TMR13_IRQHandler 00000034

Symbol: TMR8_OV_TMR13_IRQHandler
   Definitions
      At line 328 in file RTE\Device\AT32F403ACGU7\startup_at32f403acgu7.s
   Uses
      At line 104 in file RTE\Device\AT32F403ACGU7\startup_at32f403acgu7.s
      At line 255 in file RTE\Device\AT32F403ACGU7\startup_at32f403acgu7.s

TMR8_TRG_COM_TMR14_IRQHandler 00000034

Symbol: TMR8_TRG_COM_TMR14_IRQHandler
   Definitions
      At line 329 in file RTE\Device\AT32F403ACGU7\startup_at32f403acgu7.s
   Uses
      At line 105 in file RTE\Device\AT32F403ACGU7\startup_at32f403acgu7.s
      At line 256 in file RTE\Device\AT32F403ACGU7\startup_at32f403acgu7.s

UART4_IRQHandler 00000034

Symbol: UART4_IRQHandler
   Definitions
      At line 334 in file RTE\Device\AT32F403ACGU7\startup_at32f403acgu7.s
   Uses
      At line 112 in file RTE\Device\AT32F403ACGU7\startup_at32f403acgu7.s
      At line 261 in file RTE\Device\AT32F403ACGU7\startup_at32f403acgu7.s

UART5_IRQHandler 00000034

Symbol: UART5_IRQHandler
   Definitions
      At line 335 in file RTE\Device\AT32F403ACGU7\startup_at32f403acgu7.s
   Uses
      At line 113 in file RTE\Device\AT32F403ACGU7\startup_at32f403acgu7.s
      At line 262 in file RTE\Device\AT32F403ACGU7\startup_at32f403acgu7.s

UART7_IRQHandler 00000034

Symbol: UART7_IRQHandler



ARM Macro Assembler    Page 12 Alphabetic symbol ordering
Relocatable symbols

   Definitions
      At line 355 in file RTE\Device\AT32F403ACGU7\startup_at32f403acgu7.s
   Uses
      At line 137 in file RTE\Device\AT32F403ACGU7\startup_at32f403acgu7.s
      At line 282 in file RTE\Device\AT32F403ACGU7\startup_at32f403acgu7.s

USART1_IRQHandler 00000034

Symbol: USART1_IRQHandler
   Definitions
      At line 321 in file RTE\Device\AT32F403ACGU7\startup_at32f403acgu7.s
   Uses
      At line 97 in file RTE\Device\AT32F403ACGU7\startup_at32f403acgu7.s
      At line 248 in file RTE\Device\AT32F403ACGU7\startup_at32f403acgu7.s

USART2_IRQHandler 00000034

Symbol: USART2_IRQHandler
   Definitions
      At line 322 in file RTE\Device\AT32F403ACGU7\startup_at32f403acgu7.s
   Uses
      At line 98 in file RTE\Device\AT32F403ACGU7\startup_at32f403acgu7.s
      At line 249 in file RTE\Device\AT32F403ACGU7\startup_at32f403acgu7.s

USART3_IRQHandler 00000034

Symbol: USART3_IRQHandler
   Definitions
      At line 323 in file RTE\Device\AT32F403ACGU7\startup_at32f403acgu7.s
   Uses
      At line 99 in file RTE\Device\AT32F403ACGU7\startup_at32f403acgu7.s
      At line 250 in file RTE\Device\AT32F403ACGU7\startup_at32f403acgu7.s

USART6_IRQHandler 00000034

Symbol: USART6_IRQHandler
   Definitions
      At line 354 in file RTE\Device\AT32F403ACGU7\startup_at32f403acgu7.s
   Uses
      At line 136 in file RTE\Device\AT32F403ACGU7\startup_at32f403acgu7.s
      At line 281 in file RTE\Device\AT32F403ACGU7\startup_at32f403acgu7.s

USBWakeUp_IRQHandler 00000034

Symbol: USBWakeUp_IRQHandler
   Definitions
      At line 326 in file RTE\Device\AT32F403ACGU7\startup_at32f403acgu7.s
   Uses
      At line 102 in file RTE\Device\AT32F403ACGU7\startup_at32f403acgu7.s
      At line 253 in file RTE\Device\AT32F403ACGU7\startup_at32f403acgu7.s

USB_HP_CAN1_TX_IRQHandler 00000034

Symbol: USB_HP_CAN1_TX_IRQHandler
   Definitions
      At line 303 in file RTE\Device\AT32F403ACGU7\startup_at32f403acgu7.s
   Uses
      At line 79 in file RTE\Device\AT32F403ACGU7\startup_at32f403acgu7.s
      At line 230 in file RTE\Device\AT32F403ACGU7\startup_at32f403acgu7.s



ARM Macro Assembler    Page 13 Alphabetic symbol ordering
Relocatable symbols


USB_HP_IRQHandler 00000034

Symbol: USB_HP_IRQHandler
   Definitions
      At line 351 in file RTE\Device\AT32F403ACGU7\startup_at32f403acgu7.s
   Uses
      At line 133 in file RTE\Device\AT32F403ACGU7\startup_at32f403acgu7.s
      At line 278 in file RTE\Device\AT32F403ACGU7\startup_at32f403acgu7.s

USB_LP_CAN1_RX0_IRQHandler 00000034

Symbol: USB_LP_CAN1_RX0_IRQHandler
   Definitions
      At line 304 in file RTE\Device\AT32F403ACGU7\startup_at32f403acgu7.s
   Uses
      At line 80 in file RTE\Device\AT32F403ACGU7\startup_at32f403acgu7.s
      At line 231 in file RTE\Device\AT32F403ACGU7\startup_at32f403acgu7.s

USB_LP_IRQHandler 00000034

Symbol: USB_LP_IRQHandler
   Definitions
      At line 352 in file RTE\Device\AT32F403ACGU7\startup_at32f403acgu7.s
   Uses
      At line 134 in file RTE\Device\AT32F403ACGU7\startup_at32f403acgu7.s
      At line 279 in file RTE\Device\AT32F403ACGU7\startup_at32f403acgu7.s

UsageFault_Handler 0000002A

Symbol: UsageFault_Handler
   Definitions
      At line 187 in file RTE\Device\AT32F403ACGU7\startup_at32f403acgu7.s
   Uses
      At line 48 in file RTE\Device\AT32F403ACGU7\startup_at32f403acgu7.s
      At line 188 in file RTE\Device\AT32F403ACGU7\startup_at32f403acgu7.s

WWDG_IRQHandler 00000034

Symbol: WWDG_IRQHandler
   Definitions
      At line 284 in file RTE\Device\AT32F403ACGU7\startup_at32f403acgu7.s
   Uses
      At line 60 in file RTE\Device\AT32F403ACGU7\startup_at32f403acgu7.s
      At line 211 in file RTE\Device\AT32F403ACGU7\startup_at32f403acgu7.s

84 symbols



ARM Macro Assembler    Page 1 Alphabetic symbol ordering
Absolute symbols

Heap_Size 00000600

Symbol: Heap_Size
   Definitions
      At line 25 in file RTE\Device\AT32F403ACGU7\startup_at32f403acgu7.s
   Uses
      At line 29 in file RTE\Device\AT32F403ACGU7\startup_at32f403acgu7.s
Comment: Heap_Size used once
Stack_Size 00000600

Symbol: Stack_Size
   Definitions
      At line 15 in file RTE\Device\AT32F403ACGU7\startup_at32f403acgu7.s
   Uses
      At line 18 in file RTE\Device\AT32F403ACGU7\startup_at32f403acgu7.s
Comment: Stack_Size used once
__Vectors_Size 0000017C

Symbol: __Vectors_Size
   Definitions
      At line 141 in file RTE\Device\AT32F403ACGU7\startup_at32f403acgu7.s
   Uses
      At line 40 in file RTE\Device\AT32F403ACGU7\startup_at32f403acgu7.s
Comment: __Vectors_Size used once
3 symbols



ARM Macro Assembler    Page 1 Alphabetic symbol ordering
External symbols

SystemInit 00000000

Symbol: SystemInit
   Definitions
      At line 149 in file RTE\Device\AT32F403ACGU7\startup_at32f403acgu7.s
   Uses
      At line 159 in file RTE\Device\AT32F403ACGU7\startup_at32f403acgu7.s
Comment: SystemInit used once
__main 00000000

Symbol: __main
   Definitions
      At line 148 in file RTE\Device\AT32F403ACGU7\startup_at32f403acgu7.s
   Uses
      At line 161 in file RTE\Device\AT32F403ACGU7\startup_at32f403acgu7.s
Comment: __main used once
extend_SRAM 00000000

Symbol: extend_SRAM
   Definitions
      At line 150 in file RTE\Device\AT32F403ACGU7\startup_at32f403acgu7.s
   Uses
      At line 154 in file RTE\Device\AT32F403ACGU7\startup_at32f403acgu7.s
Comment: extend_SRAM used once
3 symbols
437 symbols in table
